current directory: /Users/Josh/Dropbox/website/joshmerfeld.github.io/vendor/bundle/ruby/2.6.0/gems/eventmachine-1.2.7/ext
/System/Library/Frameworks/Ruby.framework/Versions/2.6/usr/bin/ruby -I /System/Library/Frameworks/Ruby.framework/Versions/2.6/usr/lib/ruby/2.6.0 -r ./siteconf20250305-83567-4li87w.rb extconf.rb
checking for -lcrypto... yes
checking for -lssl... yes
checking for openssl/ssl.h... yes
checking for openssl/err.h... yes
checking for rb_trap_immediate in ruby.h,rubysig.h... no
checking for rb_thread_blocking_region()... no
checking for rb_thread_call_without_gvl() in ruby/thread.h... yes
checking for rb_thread_fd_select()... yes
checking for rb_fdset_t in ruby/intern.h... yes
checking for rb_wait_for_single_fd()... yes
checking for rb_enable_interrupt()... no
checking for rb_time_new()... yes
checking for inotify_init() in sys/inotify.h... no
checking for __NR_inotify_init in sys/syscall.h... no
checking for writev() in sys/uio.h... yes
checking for pipe2() in unistd.h... no
checking for accept4() in sys/socket.h... no
checking for SOCK_CLOEXEC in sys/socket.h... no
checking for sys/event.h... yes
checking for sys/queue.h... yes
checking for clock_gettime()... yes
checking for CLOCK_MONOTONIC_RAW in time.h... yes
checking for CLOCK_MONOTONIC in time.h... yes
CXXFLAGS= -g -Os -pipe  -Wall -Wextra -Wno-deprecated-declarations -Wno-ignored-qualifiers -Wno-unused-result -Wno-address
creating Makefile

current directory: /Users/Josh/Dropbox/website/joshmerfeld.github.io/vendor/bundle/ruby/2.6.0/gems/eventmachine-1.2.7/ext
make "DESTDIR=" clean

current directory: /Users/Josh/Dropbox/website/joshmerfeld.github.io/vendor/bundle/ruby/2.6.0/gems/eventmachine-1.2.7/ext
make "DESTDIR="
compiling binder.cpp
In file included from binder.cpp:20:
In file included from ./project.h:25:
In file included from /Library/Developer/CommandLineTools/SDKs/MacOSX.sdk/usr/include/c++/v1/iostream:43:
In file included from /Library/Developer/CommandLineTools/SDKs/MacOSX.sdk/usr/include/c++/v1/ios:223:
In file included from /Library/Developer/CommandLineTools/SDKs/MacOSX.sdk/usr/include/c++/v1/__locale:15:
In file included from /Library/Developer/CommandLineTools/SDKs/MacOSX.sdk/usr/include/c++/v1/__memory/shared_ptr.h:14:
In file included from /Library/Developer/CommandLineTools/SDKs/MacOSX.sdk/usr/include/c++/v1/__compare/compare_three_way.h:13:
In file included from /Library/Developer/CommandLineTools/SDKs/MacOSX.sdk/usr/include/c++/v1/__compare/three_way_comparable.h:12:
In file included from /Library/Developer/CommandLineTools/SDKs/MacOSX.sdk/usr/include/c++/v1/__compare/common_comparison_category.h:15:
/Library/Developer/CommandLineTools/SDKs/MacOSX.sdk/usr/include/c++/v1/cstddef:46:5: error: <cstddef> tried including <stddef.h> but didn't find libc++'s <stddef.h> header.           This usually means that your header search paths are not configured properly.           The header search paths should contain the C++ Standard Library headers before           any C Standard Library, and you are probably using compiler flags that make that           not be the case.
   46 | #   error <cstddef> tried including <stddef.h> but didn't find libc++'s <stddef.h> header. \
      |     ^
/Library/Developer/CommandLineTools/SDKs/MacOSX.sdk/usr/include/c++/v1/cstddef:59:9: error: no member named 'nullptr_t' in the global namespace
   59 | using ::nullptr_t;
      |       ~~^
In file included from binder.cpp:20:
In file included from ./project.h:25:
In file included from /Library/Developer/CommandLineTools/SDKs/MacOSX.sdk/usr/include/c++/v1/iostream:43:
In file included from /Library/Developer/CommandLineTools/SDKs/MacOSX.sdk/usr/include/c++/v1/ios:223:
In file included from /Library/Developer/CommandLineTools/SDKs/MacOSX.sdk/usr/include/c++/v1/__locale:15:
In file included from /Library/Developer/CommandLineTools/SDKs/MacOSX.sdk/usr/include/c++/v1/__memory/shared_ptr.h:24:
In file included from /Library/Developer/CommandLineTools/SDKs/MacOSX.sdk/usr/include/c++/v1/__memory/allocation_guard.h:15:
In file included from /Library/Developer/CommandLineTools/SDKs/MacOSX.sdk/usr/include/c++/v1/__memory/allocator_traits.h:14:
In file included from /Library/Developer/CommandLineTools/SDKs/MacOSX.sdk/usr/include/c++/v1/__memory/construct_at.h:23:
In file included from /Library/Developer/CommandLineTools/SDKs/MacOSX.sdk/usr/include/c++/v1/new:396:
/Library/Developer/CommandLineTools/SDKs/MacOSX.sdk/usr/include/c++/v1/cstdlib:90:5: error: <cstdlib> tried including <stdlib.h> but didn't find libc++'s <stdlib.h> header.           This usually means that your header search paths are not configured properly.           The header search paths should contain the C++ Standard Library headers before           any C Standard Library, and you are probably using compiler flags that make that           not be the case.
   90 | #   error <cstdlib> tried including <stdlib.h> but didn't find libc++'s <stdlib.h> header. \
      |     ^
In file included from binder.cpp:20:
In file included from ./project.h:25:
In file included from /Library/Developer/CommandLineTools/SDKs/MacOSX.sdk/usr/include/c++/v1/iostream:43:
In file included from /Library/Developer/CommandLineTools/SDKs/MacOSX.sdk/usr/include/c++/v1/ios:223:
In file included from /Library/Developer/CommandLineTools/SDKs/MacOSX.sdk/usr/include/c++/v1/__locale:15:
In file included from /Library/Developer/CommandLineTools/SDKs/MacOSX.sdk/usr/include/c++/v1/__memory/shared_ptr.h:24:
In file included from /Library/Developer/CommandLineTools/SDKs/MacOSX.sdk/usr/include/c++/v1/__memory/allocation_guard.h:15:
In file included from /Library/Developer/CommandLineTools/SDKs/MacOSX.sdk/usr/include/c++/v1/__memory/allocator_traits.h:14:
In file included from /Library/Developer/CommandLineTools/SDKs/MacOSX.sdk/usr/include/c++/v1/__memory/construct_at.h:23:
In file included from /Library/Developer/CommandLineTools/SDKs/MacOSX.sdk/usr/include/c++/v1/new:397:
In file included from /Library/Developer/CommandLineTools/SDKs/MacOSX.sdk/usr/include/c++/v1/type_traits:456:
In file included from /Library/Developer/CommandLineTools/SDKs/MacOSX.sdk/usr/include/c++/v1/__type_traits/is_compound.h:14:
In file included from /Library/Developer/CommandLineTools/SDKs/MacOSX.sdk/usr/include/c++/v1/__type_traits/is_fundamental.h:14:
/Library/Developer/CommandLineTools/SDKs/MacOSX.sdk/usr/include/c++/v1/__type_traits/is_null_pointer.h:26:28: error: use of undeclared identifier 'nullptr_t'
   26 | struct __is_nullptr_t_impl<nullptr_t> : public true_type {};
      |                            ^
In file included from binder.cpp:20:
In file included from ./project.h:25:
In file included from /Library/Developer/CommandLineTools/SDKs/MacOSX.sdk/usr/include/c++/v1/iostream:43:
In file included from /Library/Developer/CommandLineTools/SDKs/MacOSX.sdk/usr/include/c++/v1/ios:223:
In file included from /Library/Developer/CommandLineTools/SDKs/MacOSX.sdk/usr/include/c++/v1/__locale:15:
In file included from /Library/Developer/CommandLineTools/SDKs/MacOSX.sdk/usr/include/c++/v1/__memory/shared_ptr.h:24:
In file included from /Library/Developer/CommandLineTools/SDKs/MacOSX.sdk/usr/include/c++/v1/__memory/allocation_guard.h:15:
In file included from /Library/Developer/CommandLineTools/SDKs/MacOSX.sdk/usr/include/c++/v1/__memory/allocator_traits.h:14:
In file included from /Library/Developer/CommandLineTools/SDKs/MacOSX.sdk/usr/include/c++/v1/__memory/construct_at.h:23:
In file included from /Library/Developer/CommandLineTools/SDKs/MacOSX.sdk/usr/include/c++/v1/new:397:
In file included from /Library/Developer/CommandLineTools/SDKs/MacOSX.sdk/usr/include/c++/v1/type_traits:508:
In file included from /Library/Developer/CommandLineTools/SDKs/MacOSX.sdk/usr/include/c++/v1/__type_traits/is_trivially_copyable.h:14:
/Library/Developer/CommandLineTools/SDKs/MacOSX.sdk/usr/include/c++/v1/cstdint:149:5: error: <cstdint> tried including <stdint.h> but didn't find libc++'s <stdint.h> header.           This usually means that your header search paths are not configured properly.           The header search paths should contain the C++ Standard Library headers before           any C Standard Library, and you are probably using compiler flags that make that           not be the case.
  149 | #   error <cstdint> tried including <stdint.h> but didn't find libc++'s <stdint.h> header. \
      |     ^
In file included from binder.cpp:20:
In file included from ./project.h:25:
In file included from /Library/Developer/CommandLineTools/SDKs/MacOSX.sdk/usr/include/c++/v1/iostream:43:
In file included from /Library/Developer/CommandLineTools/SDKs/MacOSX.sdk/usr/include/c++/v1/ios:223:
In file included from /Library/Developer/CommandLineTools/SDKs/MacOSX.sdk/usr/include/c++/v1/__locale:15:
In file included from /Library/Developer/CommandLineTools/SDKs/MacOSX.sdk/usr/include/c++/v1/__memory/shared_ptr.h:33:
In file included from /Library/Developer/CommandLineTools/SDKs/MacOSX.sdk/usr/include/c++/v1/__memory/unique_ptr.h:17:
In file included from /Library/Developer/CommandLineTools/SDKs/MacOSX.sdk/usr/include/c++/v1/__functional/hash.h:28:
/Library/Developer/CommandLineTools/SDKs/MacOSX.sdk/usr/include/c++/v1/cstring:66:5: error: <cstring> tried including <string.h> but didn't find libc++'s <string.h> header.           This usually means that your header search paths are not configured properly.           The header search paths should contain the C++ Standard Library headers before           any C Standard Library, and you are probably using compiler flags that make that           not be the case.
   66 | #   error <cstring> tried including <string.h> but didn't find libc++'s <string.h> header. \
      |     ^
In file included from binder.cpp:20:
In file included from ./project.h:25:
In file included from /Library/Developer/CommandLineTools/SDKs/MacOSX.sdk/usr/include/c++/v1/iostream:43:
In file included from /Library/Developer/CommandLineTools/SDKs/MacOSX.sdk/usr/include/c++/v1/ios:223:
In file included from /Library/Developer/CommandLineTools/SDKs/MacOSX.sdk/usr/include/c++/v1/__locale:15:
In file included from /Library/Developer/CommandLineTools/SDKs/MacOSX.sdk/usr/include/c++/v1/__memory/shared_ptr.h:33:
/Library/Developer/CommandLineTools/SDKs/MacOSX.sdk/usr/include/c++/v1/__memory/unique_ptr.h:170:54: error: member 'nullptr_t' declared as a template
  169 |   template <bool _Dummy = true, class = _EnableIfDeleterDefaultConstructible<_Dummy> >
      |   ~~~~~~~~~~~~~~~~~~~~~~~~~~~~~~~~~~~~~~~~~~~~~~~~~~~~~~~~~~~~~~~~~~~~~~~~~~~~~~~~~~~~
  170 |   _LIBCPP_HIDE_FROM_ABI _LIBCPP_CONSTEXPR unique_ptr(nullptr_t) _NOEXCEPT
      |                                                      ^
/Library/Developer/CommandLineTools/SDKs/MacOSX.sdk/usr/include/c++/v1/__memory/unique_ptr.h:170:64: error: expected ';' at end of declaration list
  170 |   _LIBCPP_HIDE_FROM_ABI _LIBCPP_CONSTEXPR unique_ptr(nullptr_t) _NOEXCEPT
      |                                                                ^
/Library/Developer/CommandLineTools/SDKs/MacOSX.sdk/usr/include/c++/v1/__memory/unique_ptr.h:238:77: error: unknown type name 'nullptr_t'
  238 |   _LIBCPP_HIDE_FROM_ABI _LIBCPP_CONSTEXPR_SINCE_CXX23 unique_ptr& operator=(nullptr_t) _NOEXCEPT {
      |                                                                             ^
/Library/Developer/CommandLineTools/SDKs/MacOSX.sdk/usr/include/c++/v1/__memory/unique_ptr.h:332:54: error: member 'nullptr_t' declared as a template
  331 |   template <bool _Dummy = true, class = _EnableIfDeleterDefaultConstructible<_Dummy> >
      |   ~~~~~~~~~~~~~~~~~~~~~~~~~~~~~~~~~~~~~~~~~~~~~~~~~~~~~~~~~~~~~~~~~~~~~~~~~~~~~~~~~~~~
  332 |   _LIBCPP_HIDE_FROM_ABI _LIBCPP_CONSTEXPR unique_ptr(nullptr_t) _NOEXCEPT
      |                                                      ^
/Library/Developer/CommandLineTools/SDKs/MacOSX.sdk/usr/include/c++/v1/__memory/unique_ptr.h:332:64: error: expected ';' at end of declaration list
  332 |   _LIBCPP_HIDE_FROM_ABI _LIBCPP_CONSTEXPR unique_ptr(nullptr_t) _NOEXCEPT
      |                                                                ^
/Library/Developer/CommandLineTools/SDKs/MacOSX.sdk/usr/include/c++/v1/__memory/unique_ptr.h:408:77: error: unknown type name 'nullptr_t'
  408 |   _LIBCPP_HIDE_FROM_ABI _LIBCPP_CONSTEXPR_SINCE_CXX23 unique_ptr& operator=(nullptr_t) _NOEXCEPT {
      |                                                                             ^
/Library/Developer/CommandLineTools/SDKs/MacOSX.sdk/usr/include/c++/v1/__memory/unique_ptr.h:441:66: error: unknown type name 'nullptr_t'
  441 |   _LIBCPP_HIDE_FROM_ABI _LIBCPP_CONSTEXPR_SINCE_CXX23 void reset(nullptr_t = nullptr) _NOEXCEPT {
      |                                                                  ^
/Library/Developer/CommandLineTools/SDKs/MacOSX.sdk/usr/include/c++/v1/__memory/unique_ptr.h:441:76: error: cannot initialize a parameter of type 'int' with an rvalue of type 'std::nullptr_t'
  441 |   _LIBCPP_HIDE_FROM_ABI _LIBCPP_CONSTEXPR_SINCE_CXX23 void reset(nullptr_t = nullptr) _NOEXCEPT {
      |                                                                            ^ ~~~~~~~
/Library/Developer/CommandLineTools/SDKs/MacOSX.sdk/usr/include/c++/v1/__memory/unique_ptr.h:441:76: note: passing argument to parameter here
/Library/Developer/CommandLineTools/SDKs/MacOSX.sdk/usr/include/c++/v1/__memory/unique_ptr.h:505:45: error: unknown type name 'nullptr_t'
  505 | operator==(const unique_ptr<_T1, _D1>& __x, nullptr_t) _NOEXCEPT {
      |                                             ^
/Library/Developer/CommandLineTools/SDKs/MacOSX.sdk/usr/include/c++/v1/__memory/unique_ptr.h:511:46: error: unknown type name 'nullptr_t'
  511 | inline _LIBCPP_HIDE_FROM_ABI bool operator==(nullptr_t, const unique_ptr<_T1, _D1>& __x) _NOEXCEPT {
      |                                              ^
/Library/Developer/CommandLineTools/SDKs/MacOSX.sdk/usr/include/c++/v1/__memory/unique_ptr.h:516:79: error: unknown type name 'nullptr_t'
  516 | inline _LIBCPP_HIDE_FROM_ABI bool operator!=(const unique_ptr<_T1, _D1>& __x, nullptr_t) _NOEXCEPT {
      |                                                                               ^
/Library/Developer/CommandLineTools/SDKs/MacOSX.sdk/usr/include/c++/v1/__memory/unique_ptr.h:521:46: error: unknown type name 'nullptr_t'
  521 | inline _LIBCPP_HIDE_FROM_ABI bool operator!=(nullptr_t, const unique_ptr<_T1, _D1>& __x) _NOEXCEPT {
      |                                              ^
/Library/Developer/CommandLineTools/SDKs/MacOSX.sdk/usr/include/c++/v1/__memory/unique_ptr.h:527:108: error: unknown type name 'nullptr_t'
  527 | inline _LIBCPP_HIDE_FROM_ABI _LIBCPP_CONSTEXPR_SINCE_CXX23 bool operator<(const unique_ptr<_T1, _D1>& __x, nullptr_t) {
      |                                                                                                            ^
fatal error: too many errors emitted, stopping now [-ferror-limit=]
20 errors generated.
make: *** [binder.o] Error 1

make failed, exit code 2
